# JRE version: OpenJDK Runtime Environment (8.0_202-b03) (build 1.8.0_202-release-1483-b03)
# Java VM: OpenJDK 64-Bit Server VM (25.202-b03 mixed mode windows-amd64 compressed oops)
Heap:
 PSYoungGen      total 475136K, used 285926K [0x00000000e0000000, 0x00000000fff80000, 0x0000000100000000)
  eden space 429568K, 64% used [0x00000000e0000000,0x00000000f0ce0e38,0x00000000fa380000)
  from space 45568K, 23% used [0x00000000fa380000,0x00000000fadd8ab8,0x00000000fd000000)
  to   space 44032K, 0% used [0x00000000fd480000,0x00000000fd480000,0x00000000fff80000)
 ParOldGen       total 225792K, used 81741K [0x00000000a0000000, 0x00000000adc80000, 0x00000000e0000000)
  object space 225792K, 36% used [0x00000000a0000000,0x00000000a4fd3658,0x00000000adc80000)
 Metaspace       used 111423K, capacity 116182K, committed 116312K, reserved 1150976K
  class space    used 14149K, capacity 15134K, committed 15232K, reserved 1048576K
GC Heap History (10 events):
Event: 448.731 GC heap before
{Heap before GC invocations=15 (full 4):
 PSYoungGen      total 473088K, used 7663K [0x00000000e0000000, 0x0000000100000000, 0x0000000100000000)
  eden space 421888K, 0% used [0x00000000e0000000,0x00000000e0000000,0x00000000f9c00000)
  from space 51200K, 14% used [0x00000000f9c00000,0x00000000fa37bc10,0x00000000fce00000)
  to   space 50688K, 0% used [0x00000000fce80000,0x00000000fce80000,0x0000000100000000)
 ParOldGen       total 168960K, used 84849K [0x00000000a0000000, 0x00000000aa500000, 0x00000000e0000000)
  object space 168960K, 50% used [0x00000000a0000000,0x00000000a52dc640,0x00000000aa500000)
 Metaspace       used 94341K, capacity 98258K, committed 98380K, reserved 1134592K
  class space    used 12094K, capacity 12949K, committed 13056K, reserved 1048576K
Event: 448.954 GC heap after
Heap after GC invocations=15 (full 4):
 PSYoungGen      total 473088K, used 0K [0x00000000e0000000, 0x0000000100000000, 0x0000000100000000)
  eden space 421888K, 0% used [0x00000000e0000000,0x00000000e0000000,0x00000000f9c00000)
  from space 51200K, 0% used [0x00000000f9c00000,0x00000000f9c00000,0x00000000fce00000)
  to   space 50688K, 0% used [0x00000000fce80000,0x00000000fce80000,0x0000000100000000)
 ParOldGen       total 225792K, used 59807K [0x00000000a0000000, 0x00000000adc80000, 0x00000000e0000000)
  object space 225792K, 26% used [0x00000000a0000000,0x00000000a3a67d38,0x00000000adc80000)
 Metaspace       used 94249K, capacity 97982K, committed 98380K, reserved 1134592K
  class space    used 12067K, capacity 12906K, committed 13056K, reserved 1048576K
}
Event: 461.868 GC heap before
{Heap before GC invocations=16 (full 4):
 PSYoungGen      total 473088K, used 421888K [0x00000000e0000000, 0x0000000100000000, 0x0000000100000000)
  eden space 421888K, 100% used [0x00000000e0000000,0x00000000f9c00000,0x00000000f9c00000)
  from space 51200K, 0% used [0x00000000f9c00000,0x00000000f9c00000,0x00000000fce00000)
  to   space 50688K, 0% used [0x00000000fce80000,0x00000000fce80000,0x0000000100000000)
 ParOldGen       total 225792K, used 59807K [0x00000000a0000000, 0x00000000adc80000, 0x00000000e0000000)
  object space 225792K, 26% used [0x00000000a0000000,0x00000000a3a67d38,0x00000000adc80000)
 Metaspace       used 101492K, capacity 105334K, committed 105560K, reserved 1140736K
  class space    used 12846K, capacity 13684K, committed 13696K, reserved 1048576K
Event: 461.897 GC heap after
Heap after GC invocations=16 (full 4):
 PSYoungGen      total 467456K, used 18151K [0x00000000e0000000, 0x00000000ffa80000, 0x0000000100000000)
  eden space 422400K, 0% used [0x00000000e0000000,0x00000000e0000000,0x00000000f9c80000)
  from space 45056K, 40% used [0x00000000fce80000,0x00000000fe039fd8,0x00000000ffa80000)
  to   space 48128K, 0% used [0x00000000f9c80000,0x00000000f9c80000,0x00000000fcb80000)
 ParOldGen       total 225792K, used 59823K [0x00000000a0000000, 0x00000000adc80000, 0x00000000e0000000)
  object space 225792K, 26% used [0x00000000a0000000,0x00000000a3a6bd38,0x00000000adc80000)
 Metaspace       used 101492K, capacity 105334K, committed 105560K, reserved 1140736K
  class space    used 12846K, capacity 13684K, committed 13696K, reserved 1048576K
}
Event: 467.202 GC heap before
{Heap before GC invocations=17 (full 4):
 PSYoungGen      total 467456K, used 440551K [0x00000000e0000000, 0x00000000ffa80000, 0x0000000100000000)
  eden space 422400K, 100% used [0x00000000e0000000,0x00000000f9c80000,0x00000000f9c80000)
  from space 45056K, 40% used [0x00000000fce80000,0x00000000fe039fd8,0x00000000ffa80000)
  to   space 48128K, 0% used [0x00000000f9c80000,0x00000000f9c80000,0x00000000fcb80000)
 ParOldGen       total 225792K, used 59823K [0x00000000a0000000, 0x00000000adc80000, 0x00000000e0000000)
  object space 225792K, 26% used [0x00000000a0000000,0x00000000a3a6bd38,0x00000000adc80000)
 Metaspace       used 110938K, capacity 115724K, committed 116056K, reserved 1150976K
  class space    used 14132K, capacity 15127K, committed 15232K, reserved 1048576K
Event: 467.241 GC heap after
Heap after GC invocations=17 (full 4):
 PSYoungGen      total 470528K, used 11990K [0x00000000e0000000, 0x0000000100000000, 0x0000000100000000)
  eden space 422400K, 0% used [0x00000000e0000000,0x00000000e0000000,0x00000000f9c80000)
  from space 48128K, 24% used [0x00000000f9c80000,0x00000000fa835a48,0x00000000fcb80000)
  to   space 46592K, 0% used [0x00000000fd280000,0x00000000fd280000,0x0000000100000000)
 ParOldGen       total 225792K, used 72806K [0x00000000a0000000, 0x00000000adc80000, 0x00000000e0000000)
  object space 225792K, 32% used [0x00000000a0000000,0x00000000a4719880,0x00000000adc80000)
 Metaspace       used 110938K, capacity 115724K, committed 116056K, reserved 1150976K
  class space    used 14132K, capacity 15127K, committed 15232K, reserved 1048576K
}
Event: 470.344 GC heap before
{Heap before GC invocations=18 (full 4):
 PSYoungGen      total 470528K, used 434390K [0x00000000e0000000, 0x0000000100000000, 0x0000000100000000)
  eden space 422400K, 100% used [0x00000000e0000000,0x00000000f9c80000,0x00000000f9c80000)
  from space 48128K, 24% used [0x00000000f9c80000,0x00000000fa835a48,0x00000000fcb80000)
  to   space 46592K, 0% used [0x00000000fd280000,0x00000000fd280000,0x0000000100000000)
 ParOldGen       total 225792K, used 72806K [0x00000000a0000000, 0x00000000adc80000, 0x00000000e0000000)
  object space 225792K, 32% used [0x00000000a0000000,0x00000000a4719880,0x00000000adc80000)
 Metaspace       used 111288K, capacity 116106K, committed 116312K, reserved 1150976K
  class space    used 14149K, capacity 15134K, committed 15232K, reserved 1048576K
Event: 470.369 GC heap after
Heap after GC invocations=18 (full 4):
 PSYoungGen      total 472576K, used 10220K [0x00000000e0000000, 0x00000000ffc80000, 0x0000000100000000)
  eden space 429568K, 0% used [0x00000000e0000000,0x00000000e0000000,0x00000000fa380000)
  from space 43008K, 23% used [0x00000000fd280000,0x00000000fdc7b028,0x00000000ffc80000)
  to   space 45568K, 0% used [0x00000000fa380000,0x00000000fa380000,0x00000000fd000000)
 ParOldGen       total 225792K, used 74726K [0x00000000a0000000, 0x00000000adc80000, 0x00000000e0000000)
  object space 225792K, 33% used [0x00000000a0000000,0x00000000a48f9b70,0x00000000adc80000)
 Metaspace       used 111288K, capacity 116106K, committed 116312K, reserved 1150976K
  class space    used 14149K, capacity 15134K, committed 15232K, reserved 1048576K
}
Event: 472.851 GC heap before
{Heap before GC invocations=19 (full 4):
 PSYoungGen      total 472576K, used 439788K [0x00000000e0000000, 0x00000000ffc80000, 0x0000000100000000)
  eden space 429568K, 100% used [0x00000000e0000000,0x00000000fa380000,0x00000000fa380000)
  from space 43008K, 23% used [0x00000000fd280000,0x00000000fdc7b028,0x00000000ffc80000)
  to   space 45568K, 0% used [0x00000000fa380000,0x00000000fa380000,0x00000000fd000000)
 ParOldGen       total 225792K, used 74726K [0x00000000a0000000, 0x00000000adc80000, 0x00000000e0000000)
  object space 225792K, 33% used [0x00000000a0000000,0x00000000a48f9b70,0x00000000adc80000)
 Metaspace       used 111358K, capacity 116182K, committed 116312K, reserved 1150976K
  class space    used 14149K, capacity 15134K, committed 15232K, reserved 1048576K
Event: 472.885 GC heap after
Heap after GC invocations=19 (full 4):
 PSYoungGen      total 475136K, used 10594K [0x00000000e0000000, 0x00000000fff80000, 0x0000000100000000)
  eden space 429568K, 0% used [0x00000000e0000000,0x00000000e0000000,0x00000000fa380000)
  from space 45568K, 23% used [0x00000000fa380000,0x00000000fadd8ab8,0x00000000fd000000)
  to   space 44032K, 0% used [0x00000000fd480000,0x00000000fd480000,0x00000000fff80000)
 ParOldGen       total 225792K, used 81741K [0x00000000a0000000, 0x00000000adc80000, 0x00000000e0000000)
  object space 225792K, 36% used [0x00000000a0000000,0x00000000a4fd3658,0x00000000adc80000)
 Metaspace       used 111358K, capacity 116182K, committed 116312K, reserved 1150976K
  class space    used 14149K, capacity 15134K, committed 15232K, reserved 1048576K
}

