# JRE version: OpenJDK Runtime Environment (8.0_202-b03) (build 1.8.0_202-release-1483-b03)
# Java VM: OpenJDK 64-Bit Server VM (25.202-b03 mixed mode windows-amd64 compressed oops)
Heap:
 PSYoungGen      total 123392K, used 14992K [0x00000000e0000000, 0x00000000e9c00000, 0x0000000100000000)
  eden space 110080K, 13% used [0x00000000e0000000,0x00000000e0ea4030,0x00000000e6b80000)
  from space 13312K, 0% used [0x00000000e7800000,0x00000000e7800000,0x00000000e8500000)
  to   space 12800K, 0% used [0x00000000e6b80000,0x00000000e6b80000,0x00000000e7800000)
 ParOldGen       total 108544K, used 32679K [0x00000000a0000000, 0x00000000a6a00000, 0x00000000e0000000)
  object space 108544K, 30% used [0x00000000a0000000,0x00000000a1fe9f88,0x00000000a6a00000)
 Metaspace       used 52981K, capacity 54744K, committed 55040K, reserved 1097728K
  class space    used 7233K, capacity 7605K, committed 7680K, reserved 1048576K
GC Heap History (10 events):
Event: 9.798 GC heap before
{Heap before GC invocations=9 (full 1):
 PSYoungGen      total 84992K, used 15773K [0x00000000e0000000, 0x00000000e8500000, 0x0000000100000000)
  eden space 73216K, 5% used [0x00000000e0000000,0x00000000e040c5b0,0x00000000e4780000)
  from space 11776K, 98% used [0x00000000e4780000,0x00000000e52daed8,0x00000000e5300000)
  to   space 13312K, 0% used [0x00000000e7800000,0x00000000e7800000,0x00000000e8500000)
 ParOldGen       total 86016K, used 9879K [0x00000000a0000000, 0x00000000a5400000, 0x00000000e0000000)
  object space 86016K, 11% used [0x00000000a0000000,0x00000000a09a5f28,0x00000000a5400000)
 Metaspace       used 34534K, capacity 35444K, committed 35496K, reserved 1079296K
  class space    used 4766K, capacity 4964K, committed 4992K, reserved 1048576K
Event: 9.812 GC heap after
Heap after GC invocations=9 (full 1):
 PSYoungGen      total 123392K, used 8624K [0x00000000e0000000, 0x00000000e9c00000, 0x0000000100000000)
  eden space 110080K, 0% used [0x00000000e0000000,0x00000000e0000000,0x00000000e6b80000)
  from space 13312K, 64% used [0x00000000e7800000,0x00000000e806c010,0x00000000e8500000)
  to   space 12800K, 0% used [0x00000000e6b80000,0x00000000e6b80000,0x00000000e7800000)
 ParOldGen       total 86016K, used 9887K [0x00000000a0000000, 0x00000000a5400000, 0x00000000e0000000)
  object space 86016K, 11% used [0x00000000a0000000,0x00000000a09a7f28,0x00000000a5400000)
 Metaspace       used 34534K, capacity 35444K, committed 35496K, reserved 1079296K
  class space    used 4766K, capacity 4964K, committed 4992K, reserved 1048576K
}
Event: 9.812 GC heap before
{Heap before GC invocations=10 (full 2):
 PSYoungGen      total 123392K, used 8624K [0x00000000e0000000, 0x00000000e9c00000, 0x0000000100000000)
  eden space 110080K, 0% used [0x00000000e0000000,0x00000000e0000000,0x00000000e6b80000)
  from space 13312K, 64% used [0x00000000e7800000,0x00000000e806c010,0x00000000e8500000)
  to   space 12800K, 0% used [0x00000000e6b80000,0x00000000e6b80000,0x00000000e7800000)
 ParOldGen       total 86016K, used 9887K [0x00000000a0000000, 0x00000000a5400000, 0x00000000e0000000)
  object space 86016K, 11% used [0x00000000a0000000,0x00000000a09a7f28,0x00000000a5400000)
 Metaspace       used 34534K, capacity 35444K, committed 35496K, reserved 1079296K
  class space    used 4766K, capacity 4964K, committed 4992K, reserved 1048576K
Event: 9.898 GC heap after
Heap after GC invocations=10 (full 2):
 PSYoungGen      total 123392K, used 0K [0x00000000e0000000, 0x00000000e9c00000, 0x0000000100000000)
  eden space 110080K, 0% used [0x00000000e0000000,0x00000000e0000000,0x00000000e6b80000)
  from space 13312K, 0% used [0x00000000e7800000,0x00000000e7800000,0x00000000e8500000)
  to   space 12800K, 0% used [0x00000000e6b80000,0x00000000e6b80000,0x00000000e7800000)
 ParOldGen       total 108544K, used 15776K [0x00000000a0000000, 0x00000000a6a00000, 0x00000000e0000000)
  object space 108544K, 14% used [0x00000000a0000000,0x00000000a0f68318,0x00000000a6a00000)
 Metaspace       used 34534K, capacity 35444K, committed 35496K, reserved 1079296K
  class space    used 4766K, capacity 4964K, committed 4992K, reserved 1048576K
}
Event: 11.488 GC heap before
{Heap before GC invocations=11 (full 2):
 PSYoungGen      total 123392K, used 110080K [0x00000000e0000000, 0x00000000e9c00000, 0x0000000100000000)
  eden space 110080K, 100% used [0x00000000e0000000,0x00000000e6b80000,0x00000000e6b80000)
  from space 13312K, 0% used [0x00000000e7800000,0x00000000e7800000,0x00000000e8500000)
  to   space 12800K, 0% used [0x00000000e6b80000,0x00000000e6b80000,0x00000000e7800000)
 ParOldGen       total 108544K, used 15776K [0x00000000a0000000, 0x00000000a6a00000, 0x00000000e0000000)
  object space 108544K, 14% used [0x00000000a0000000,0x00000000a0f68318,0x00000000a6a00000)
 Metaspace       used 45065K, capacity 46278K, committed 46592K, reserved 1089536K
  class space    used 6071K, capacity 6326K, committed 6400K, reserved 1048576K
Event: 11.500 GC heap after
Heap after GC invocations=11 (full 2):
 PSYoungGen      total 122880K, used 12791K [0x00000000e0000000, 0x00000000e9c00000, 0x0000000100000000)
  eden space 110080K, 0% used [0x00000000e0000000,0x00000000e0000000,0x00000000e6b80000)
  from space 12800K, 99% used [0x00000000e6b80000,0x00000000e77fdeb0,0x00000000e7800000)
  to   space 13312K, 0% used [0x00000000e7800000,0x00000000e7800000,0x00000000e8500000)
 ParOldGen       total 108544K, used 19062K [0x00000000a0000000, 0x00000000a6a00000, 0x00000000e0000000)
  object space 108544K, 17% used [0x00000000a0000000,0x00000000a129da98,0x00000000a6a00000)
 Metaspace       used 45065K, capacity 46278K, committed 46592K, reserved 1089536K
  class space    used 6071K, capacity 6326K, committed 6400K, reserved 1048576K
}
Event: 12.946 GC heap before
{Heap before GC invocations=12 (full 2):
 PSYoungGen      total 122880K, used 108633K [0x00000000e0000000, 0x00000000e9c00000, 0x0000000100000000)
  eden space 110080K, 87% used [0x00000000e0000000,0x00000000e5d987c0,0x00000000e6b80000)
  from space 12800K, 99% used [0x00000000e6b80000,0x00000000e77fdeb0,0x00000000e7800000)
  to   space 13312K, 0% used [0x00000000e7800000,0x00000000e7800000,0x00000000e8500000)
 ParOldGen       total 108544K, used 19062K [0x00000000a0000000, 0x00000000a6a00000, 0x00000000e0000000)
  object space 108544K, 17% used [0x00000000a0000000,0x00000000a129da98,0x00000000a6a00000)
 Metaspace       used 52398K, capacity 54110K, committed 54144K, reserved 1099776K
  class space    used 7118K, capacity 7535K, committed 7552K, reserved 1048576K
Event: 12.964 GC heap after
Heap after GC invocations=12 (full 2):
 PSYoungGen      total 123392K, used 13282K [0x00000000e0000000, 0x00000000e9c00000, 0x0000000100000000)
  eden space 110080K, 0% used [0x00000000e0000000,0x00000000e0000000,0x00000000e6b80000)
  from space 13312K, 99% used [0x00000000e7800000,0x00000000e84f8898,0x00000000e8500000)
  to   space 12800K, 0% used [0x00000000e6b80000,0x00000000e6b80000,0x00000000e7800000)
 ParOldGen       total 108544K, used 23948K [0x00000000a0000000, 0x00000000a6a00000, 0x00000000e0000000)
  object space 108544K, 22% used [0x00000000a0000000,0x00000000a1763110,0x00000000a6a00000)
 Metaspace       used 52398K, capacity 54110K, committed 54144K, reserved 1099776K
  class space    used 7118K, capacity 7535K, committed 7552K, reserved 1048576K
}
Event: 12.964 GC heap before
{Heap before GC invocations=13 (full 3):
 PSYoungGen      total 123392K, used 13282K [0x00000000e0000000, 0x00000000e9c00000, 0x0000000100000000)
  eden space 110080K, 0% used [0x00000000e0000000,0x00000000e0000000,0x00000000e6b80000)
  from space 13312K, 99% used [0x00000000e7800000,0x00000000e84f8898,0x00000000e8500000)
  to   space 12800K, 0% used [0x00000000e6b80000,0x00000000e6b80000,0x00000000e7800000)
 ParOldGen       total 108544K, used 23948K [0x00000000a0000000, 0x00000000a6a00000, 0x00000000e0000000)
  object space 108544K, 22% used [0x00000000a0000000,0x00000000a1763110,0x00000000a6a00000)
 Metaspace       used 52398K, capacity 54110K, committed 54144K, reserved 1099776K
  class space    used 7118K, capacity 7535K, committed 7552K, reserved 1048576K
Event: 13.136 GC heap after
Heap after GC invocations=13 (full 3):
 PSYoungGen      total 123392K, used 0K [0x00000000e0000000, 0x00000000e9c00000, 0x0000000100000000)
  eden space 110080K, 0% used [0x00000000e0000000,0x00000000e0000000,0x00000000e6b80000)
  from space 13312K, 0% used [0x00000000e7800000,0x00000000e7800000,0x00000000e8500000)
  to   space 12800K, 0% used [0x00000000e6b80000,0x00000000e6b80000,0x00000000e7800000)
 ParOldGen       total 108544K, used 32679K [0x00000000a0000000, 0x00000000a6a00000, 0x00000000e0000000)
  object space 108544K, 30% used [0x00000000a0000000,0x00000000a1fe9f88,0x00000000a6a00000)
 Metaspace       used 52384K, capacity 54062K, committed 54144K, reserved 1097728K
  class space    used 7113K, capacity 7527K, committed 7552K, reserved 1048576K
}

