# JRE version: OpenJDK Runtime Environment (8.0_202-b03) (build 1.8.0_202-release-1483-b03)
# Java VM: OpenJDK 64-Bit Server VM (25.202-b03 mixed mode windows-amd64 compressed oops)
Heap:
 PSYoungGen      total 129024K, used 47126K [0x00000000e0000000, 0x00000000eaa00000, 0x0000000100000000)
  eden space 112640K, 41% used [0x00000000e0000000,0x00000000e2e05830,0x00000000e6e00000)
  from space 16384K, 0% used [0x00000000e6e00000,0x00000000e6e00000,0x00000000e7e00000)
  to   space 15872K, 0% used [0x00000000e9a80000,0x00000000e9a80000,0x00000000eaa00000)
 ParOldGen       total 142848K, used 34823K [0x00000000a0000000, 0x00000000a8b80000, 0x00000000e0000000)
  object space 142848K, 24% used [0x00000000a0000000,0x00000000a2201db8,0x00000000a8b80000)
 Metaspace       used 60716K, capacity 62758K, committed 63104K, reserved 1103872K
  class space    used 8329K, capacity 8776K, committed 8832K, reserved 1048576K
GC Heap History (10 events):
Event: 36.256 GC heap before
{Heap before GC invocations=10 (full 2):
 PSYoungGen      total 103424K, used 9860K [0x00000000e0000000, 0x00000000e7200000, 0x0000000100000000)
  eden space 91648K, 0% used [0x00000000e0000000,0x00000000e0000000,0x00000000e5980000)
  from space 11776K, 83% used [0x00000000e6580000,0x00000000e6f213e8,0x00000000e7100000)
  to   space 12288K, 0% used [0x00000000e5980000,0x00000000e5980000,0x00000000e6580000)
 ParOldGen       total 61952K, used 9875K [0x00000000a0000000, 0x00000000a3c80000, 0x00000000e0000000)
  object space 61952K, 15% used [0x00000000a0000000,0x00000000a09a4cd8,0x00000000a3c80000)
 Metaspace       used 34543K, capacity 35440K, committed 35496K, reserved 1079296K
  class space    used 4766K, capacity 4964K, committed 4992K, reserved 1048576K
Event: 36.331 GC heap after
Heap after GC invocations=10 (full 2):
 PSYoungGen      total 103424K, used 0K [0x00000000e0000000, 0x00000000e7200000, 0x0000000100000000)
  eden space 91648K, 0% used [0x00000000e0000000,0x00000000e0000000,0x00000000e5980000)
  from space 11776K, 0% used [0x00000000e6580000,0x00000000e6580000,0x00000000e7100000)
  to   space 12288K, 0% used [0x00000000e5980000,0x00000000e5980000,0x00000000e6580000)
 ParOldGen       total 94208K, used 16911K [0x00000000a0000000, 0x00000000a5c00000, 0x00000000e0000000)
  object space 94208K, 17% used [0x00000000a0000000,0x00000000a1083c88,0x00000000a5c00000)
 Metaspace       used 34543K, capacity 35440K, committed 35496K, reserved 1079296K
  class space    used 4766K, capacity 4964K, committed 4992K, reserved 1048576K
}
Event: 45.142 GC heap before
{Heap before GC invocations=11 (full 2):
 PSYoungGen      total 103424K, used 91648K [0x00000000e0000000, 0x00000000e7200000, 0x0000000100000000)
  eden space 91648K, 100% used [0x00000000e0000000,0x00000000e5980000,0x00000000e5980000)
  from space 11776K, 0% used [0x00000000e6580000,0x00000000e6580000,0x00000000e7100000)
  to   space 12288K, 0% used [0x00000000e5980000,0x00000000e5980000,0x00000000e6580000)
 ParOldGen       total 94208K, used 16911K [0x00000000a0000000, 0x00000000a5c00000, 0x00000000e0000000)
  object space 94208K, 17% used [0x00000000a0000000,0x00000000a1083c88,0x00000000a5c00000)
 Metaspace       used 43558K, capacity 44792K, committed 45184K, reserved 1087488K
  class space    used 5904K, capacity 6159K, committed 6272K, reserved 1048576K
Event: 45.163 GC heap after
Heap after GC invocations=11 (full 2):
 PSYoungGen      total 103936K, used 12285K [0x00000000e0000000, 0x00000000e8b80000, 0x0000000100000000)
  eden space 91648K, 0% used [0x00000000e0000000,0x00000000e0000000,0x00000000e5980000)
  from space 12288K, 99% used [0x00000000e5980000,0x00000000e657f7f8,0x00000000e6580000)
  to   space 13824K, 0% used [0x00000000e7e00000,0x00000000e7e00000,0x00000000e8b80000)
 ParOldGen       total 94208K, used 16927K [0x00000000a0000000, 0x00000000a5c00000, 0x00000000e0000000)
  object space 94208K, 17% used [0x00000000a0000000,0x00000000a1087c88,0x00000000a5c00000)
 Metaspace       used 43558K, capacity 44792K, committed 45184K, reserved 1087488K
  class space    used 5904K, capacity 6159K, committed 6272K, reserved 1048576K
}
Event: 46.443 GC heap before
{Heap before GC invocations=12 (full 2):
 PSYoungGen      total 103936K, used 103933K [0x00000000e0000000, 0x00000000e8b80000, 0x0000000100000000)
  eden space 91648K, 100% used [0x00000000e0000000,0x00000000e5980000,0x00000000e5980000)
  from space 12288K, 99% used [0x00000000e5980000,0x00000000e657f7f8,0x00000000e6580000)
  to   space 13824K, 0% used [0x00000000e7e00000,0x00000000e7e00000,0x00000000e8b80000)
 ParOldGen       total 94208K, used 16927K [0x00000000a0000000, 0x00000000a5c00000, 0x00000000e0000000)
  object space 94208K, 17% used [0x00000000a0000000,0x00000000a1087c88,0x00000000a5c00000)
 Metaspace       used 50485K, capacity 52110K, committed 52352K, reserved 1093632K
  class space    used 6814K, capacity 7197K, committed 7296K, reserved 1048576K
Event: 46.458 GC heap after
Heap after GC invocations=12 (full 2):
 PSYoungGen      total 126464K, used 13808K [0x00000000e0000000, 0x00000000e9180000, 0x0000000100000000)
  eden space 112640K, 0% used [0x00000000e0000000,0x00000000e0000000,0x00000000e6e00000)
  from space 13824K, 99% used [0x00000000e7e00000,0x00000000e8b7c180,0x00000000e8b80000)
  to   space 16384K, 0% used [0x00000000e6e00000,0x00000000e6e00000,0x00000000e7e00000)
 ParOldGen       total 94208K, used 20374K [0x00000000a0000000, 0x00000000a5c00000, 0x00000000e0000000)
  object space 94208K, 21% used [0x00000000a0000000,0x00000000a13e5800,0x00000000a5c00000)
 Metaspace       used 50485K, capacity 52110K, committed 52352K, reserved 1093632K
  class space    used 6814K, capacity 7197K, committed 7296K, reserved 1048576K
}
Event: 48.365 GC heap before
{Heap before GC invocations=13 (full 2):
 PSYoungGen      total 126464K, used 125901K [0x00000000e0000000, 0x00000000e9180000, 0x0000000100000000)
  eden space 112640K, 99% used [0x00000000e0000000,0x00000000e6d77658,0x00000000e6e00000)
  from space 13824K, 99% used [0x00000000e7e00000,0x00000000e8b7c180,0x00000000e8b80000)
  to   space 16384K, 0% used [0x00000000e6e00000,0x00000000e6e00000,0x00000000e7e00000)
 ParOldGen       total 94208K, used 20374K [0x00000000a0000000, 0x00000000a5c00000, 0x00000000e0000000)
  object space 94208K, 21% used [0x00000000a0000000,0x00000000a13e5800,0x00000000a5c00000)
 Metaspace       used 57065K, capacity 59068K, committed 59160K, reserved 1099776K
  class space    used 7775K, capacity 8240K, committed 8320K, reserved 1048576K
Event: 48.383 GC heap after
Heap after GC invocations=13 (full 2):
 PSYoungGen      total 129024K, used 9227K [0x00000000e0000000, 0x00000000eaa00000, 0x0000000100000000)
  eden space 112640K, 0% used [0x00000000e0000000,0x00000000e0000000,0x00000000e6e00000)
  from space 16384K, 56% used [0x00000000e6e00000,0x00000000e7702c00,0x00000000e7e00000)
  to   space 15872K, 0% used [0x00000000e9a80000,0x00000000e9a80000,0x00000000eaa00000)
 ParOldGen       total 94208K, used 31468K [0x00000000a0000000, 0x00000000a5c00000, 0x00000000e0000000)
  object space 94208K, 33% used [0x00000000a0000000,0x00000000a1ebb0d8,0x00000000a5c00000)
 Metaspace       used 57065K, capacity 59068K, committed 59160K, reserved 1099776K
  class space    used 7775K, capacity 8240K, committed 8320K, reserved 1048576K
}
Event: 48.383 GC heap before
{Heap before GC invocations=14 (full 3):
 PSYoungGen      total 129024K, used 9227K [0x00000000e0000000, 0x00000000eaa00000, 0x0000000100000000)
  eden space 112640K, 0% used [0x00000000e0000000,0x00000000e0000000,0x00000000e6e00000)
  from space 16384K, 56% used [0x00000000e6e00000,0x00000000e7702c00,0x00000000e7e00000)
  to   space 15872K, 0% used [0x00000000e9a80000,0x00000000e9a80000,0x00000000eaa00000)
 ParOldGen       total 94208K, used 31468K [0x00000000a0000000, 0x00000000a5c00000, 0x00000000e0000000)
  object space 94208K, 33% used [0x00000000a0000000,0x00000000a1ebb0d8,0x00000000a5c00000)
 Metaspace       used 57065K, capacity 59068K, committed 59160K, reserved 1099776K
  class space    used 7775K, capacity 8240K, committed 8320K, reserved 1048576K
Event: 48.578 GC heap after
Heap after GC invocations=14 (full 3):
 PSYoungGen      total 129024K, used 0K [0x00000000e0000000, 0x00000000eaa00000, 0x0000000100000000)
  eden space 112640K, 0% used [0x00000000e0000000,0x00000000e0000000,0x00000000e6e00000)
  from space 16384K, 0% used [0x00000000e6e00000,0x00000000e6e00000,0x00000000e7e00000)
  to   space 15872K, 0% used [0x00000000e9a80000,0x00000000e9a80000,0x00000000eaa00000)
 ParOldGen       total 142848K, used 34823K [0x00000000a0000000, 0x00000000a8b80000, 0x00000000e0000000)
  object space 142848K, 24% used [0x00000000a0000000,0x00000000a2201db8,0x00000000a8b80000)
 Metaspace       used 57053K, capacity 59026K, committed 59160K, reserved 1099776K
  class space    used 7771K, capacity 8233K, committed 8320K, reserved 1048576K
}

